<?xml version="1.0" encoding="UTF-8"?>
<testsuite name="com.ohsangmin.test.springboot.web.IndexControllerTest" tests="1" skipped="0" failures="0" errors="0" timestamp="2020-05-04T08:59:53" hostname="APPLEui-MacBookPro.local" time="0.325">
  <properties/>
  <testcase name="메인페이지_로딩" classname="com.ohsangmin.test.springboot.web.IndexControllerTest" time="0.325"/>
  <system-out><![CDATA[2020-05-04 17:59:46.335  INFO 2406 --- [    Test worker] .b.t.c.SpringBootTestContextBootstrapper : Neither @ContextConfiguration nor @ContextHierarchy found for test class [com.ohsangmin.test.springboot.web.IndexControllerTest], using SpringBootContextLoader
2020-05-04 17:59:46.337  INFO 2406 --- [    Test worker] o.s.t.c.support.AbstractContextLoader    : Could not detect default resource locations for test class [com.ohsangmin.test.springboot.web.IndexControllerTest]: no resource found for suffixes {-context.xml, Context.groovy}.
2020-05-04 17:59:46.338  INFO 2406 --- [    Test worker] t.c.s.AnnotationConfigContextLoaderUtils : Could not detect default configuration classes for test class [com.ohsangmin.test.springboot.web.IndexControllerTest]: IndexControllerTest does not declare any static, non-private, non-final, nested classes annotated with @Configuration.
2020-05-04 17:59:46.341  INFO 2406 --- [    Test worker] .b.t.c.SpringBootTestContextBootstrapper : Found @SpringBootConfiguration com.ohsangmin.test.springboot.Application for test class com.ohsangmin.test.springboot.web.IndexControllerTest
2020-05-04 17:59:46.344  INFO 2406 --- [    Test worker] .b.t.c.SpringBootTestContextBootstrapper : Loaded default TestExecutionListener class names from location [META-INF/spring.factories]: [org.springframework.security.test.context.support.WithSecurityContextTestExecutionListener, org.springframework.security.test.context.support.ReactorContextTestExecutionListener, org.springframework.boot.test.autoconfigure.restdocs.RestDocsTestExecutionListener, org.springframework.boot.test.autoconfigure.web.client.MockRestServiceServerResetTestExecutionListener, org.springframework.boot.test.autoconfigure.web.servlet.MockMvcPrintOnlyOnFailureTestExecutionListener, org.springframework.boot.test.autoconfigure.web.servlet.WebDriverTestExecutionListener, org.springframework.boot.test.mock.mockito.MockitoTestExecutionListener, org.springframework.boot.test.mock.mockito.ResetMocksTestExecutionListener, org.springframework.test.context.web.ServletTestExecutionListener, org.springframework.test.context.support.DirtiesContextBeforeModesTestExecutionListener, org.springframework.test.context.support.DependencyInjectionTestExecutionListener, org.springframework.test.context.support.DirtiesContextTestExecutionListener, org.springframework.test.context.transaction.TransactionalTestExecutionListener, org.springframework.test.context.jdbc.SqlScriptsTestExecutionListener]
2020-05-04 17:59:46.346  INFO 2406 --- [    Test worker] .b.t.c.SpringBootTestContextBootstrapper : Using TestExecutionListeners: [org.springframework.test.context.web.ServletTestExecutionListener@66923481, org.springframework.test.context.support.DirtiesContextBeforeModesTestExecutionListener@6ed2c310, org.springframework.boot.test.mock.mockito.MockitoTestExecutionListener@69735e0f, org.springframework.boot.test.autoconfigure.SpringBootDependencyInjectionTestExecutionListener@27aa3a75, org.springframework.test.context.support.DirtiesContextTestExecutionListener@50eb243d, org.springframework.test.context.transaction.TransactionalTestExecutionListener@2859b773, org.springframework.test.context.jdbc.SqlScriptsTestExecutionListener@5b290751, org.springframework.security.test.context.support.WithSecurityContextTestExecutionListener@2da6e7d3, org.springframework.security.test.context.support.ReactorContextTestExecutionListener@24e5f496, org.springframework.boot.test.autoconfigure.restdocs.RestDocsTestExecutionListener@41623d56, org.springframework.boot.test.autoconfigure.web.client.MockRestServiceServerResetTestExecutionListener@5262a9a4, org.springframework.boot.test.autoconfigure.web.servlet.MockMvcPrintOnlyOnFailureTestExecutionListener@48604444, org.springframework.boot.test.autoconfigure.web.servlet.WebDriverTestExecutionListener@432a589a, org.springframework.boot.test.mock.mockito.ResetMocksTestExecutionListener@13f24524]

  .   ____          _            __ _ _
 /\\ / ___'_ __ _ _(_)_ __  __ _ \ \ \ \
( ( )\___ | '_ | '_| | '_ \/ _` | \ \ \ \
 \\/  ___)| |_)| | | | | || (_| |  ) ) ) )
  '  |____| .__|_| |_|_| |_\__, | / / / /
 =========|_|==============|___/=/_/_/_/
 :: Spring Boot ::        (v2.1.7.RELEASE)

2020-05-04 17:59:46.404  INFO 2406 --- [    Test worker] c.o.t.s.web.IndexControllerTest          : Starting IndexControllerTest on APPLEui-MacBookPro.local with PID 2406 (started by apple in /Users/apple/IdeaProjects/Test)
2020-05-04 17:59:46.404  INFO 2406 --- [    Test worker] c.o.t.s.web.IndexControllerTest          : No active profile set, falling back to default profiles: default
2020-05-04 17:59:47.102  INFO 2406 --- [    Test worker] .s.d.r.c.RepositoryConfigurationDelegate : Bootstrapping Spring Data repositories in DEFAULT mode.
2020-05-04 17:59:47.195  INFO 2406 --- [    Test worker] .s.d.r.c.RepositoryConfigurationDelegate : Finished Spring Data repository scanning in 80ms. Found 2 repository interfaces.
2020-05-04 17:59:47.649  INFO 2406 --- [    Test worker] trationDelegate$BeanPostProcessorChecker : Bean 'org.springframework.transaction.annotation.ProxyTransactionManagementConfiguration' of type [org.springframework.transaction.annotation.ProxyTransactionManagementConfiguration$$EnhancerBySpringCGLIB$$dd90e05a] is not eligible for getting processed by all BeanPostProcessors (for example: not eligible for auto-proxying)
2020-05-04 17:59:48.140  INFO 2406 --- [    Test worker] o.s.b.w.embedded.tomcat.TomcatWebServer  : Tomcat initialized with port(s): 0 (http)
2020-05-04 17:59:48.197  INFO 2406 --- [    Test worker] o.apache.catalina.core.StandardService   : Starting service [Tomcat]
2020-05-04 17:59:48.198  INFO 2406 --- [    Test worker] org.apache.catalina.core.StandardEngine  : Starting Servlet engine: [Apache Tomcat/9.0.22]
2020-05-04 17:59:48.420  INFO 2406 --- [    Test worker] o.a.c.c.C.[Tomcat].[localhost].[/]       : Initializing Spring embedded WebApplicationContext
2020-05-04 17:59:48.420  INFO 2406 --- [    Test worker] o.s.web.context.ContextLoader            : Root WebApplicationContext: initialization completed in 2012 ms
2020-05-04 17:59:48.827  INFO 2406 --- [    Test worker] com.zaxxer.hikari.HikariDataSource       : HikariPool-1 - Starting...
2020-05-04 17:59:49.075  INFO 2406 --- [    Test worker] com.zaxxer.hikari.HikariDataSource       : HikariPool-1 - Start completed.
2020-05-04 17:59:49.294  INFO 2406 --- [    Test worker] o.hibernate.jpa.internal.util.LogHelper  : HHH000204: Processing PersistenceUnitInfo [
	name: default
	...]
2020-05-04 17:59:49.437  INFO 2406 --- [    Test worker] org.hibernate.Version                    : HHH000412: Hibernate Core {5.3.10.Final}
2020-05-04 17:59:49.440  INFO 2406 --- [    Test worker] org.hibernate.cfg.Environment            : HHH000206: hibernate.properties not found
2020-05-04 17:59:49.531  INFO 2406 --- [    Test worker] o.hibernate.annotations.common.Version   : HCANN000001: Hibernate Commons Annotations {5.0.4.Final}
2020-05-04 17:59:49.791  INFO 2406 --- [    Test worker] org.hibernate.dialect.Dialect            : HHH000400: Using dialect: org.hibernate.dialect.MySQL5InnoDBDialect
Hibernate: drop table if exists posts
Hibernate: drop table if exists user
Hibernate: create table posts (id bigint not null auto_increment, created_date datetime, modified_date datetime, author varchar(255), content TEXT not null, title varchar(500) not null, primary key (id)) engine=InnoDB
Hibernate: create table user (id bigint not null auto_increment, created_date datetime, modified_date datetime, email varchar(255) not null, name varchar(255) not null, picture varchar(255), role varchar(255) not null, primary key (id)) engine=InnoDB
2020-05-04 17:59:50.737  INFO 2406 --- [    Test worker] o.h.t.schema.internal.SchemaCreatorImpl  : HHH000476: Executing import script 'org.hibernate.tool.schema.internal.exec.ScriptSourceInputNonExistentImpl@2a923f42'
2020-05-04 17:59:50.741  INFO 2406 --- [    Test worker] j.LocalContainerEntityManagerFactoryBean : Initialized JPA EntityManagerFactory for persistence unit 'default'
2020-05-04 17:59:51.768  INFO 2406 --- [    Test worker] o.h.h.i.QueryTranslatorFactoryInitiator  : HHH000397: Using ASTQueryTranslatorFactory
2020-05-04 17:59:52.202  INFO 2406 --- [    Test worker] o.s.s.web.DefaultSecurityFilterChain     : Creating filter chain: any request, [org.springframework.security.web.context.request.async.WebAsyncManagerIntegrationFilter@41ee8622, org.springframework.security.web.context.SecurityContextPersistenceFilter@632ffaac, org.springframework.security.web.header.HeaderWriterFilter@52e12481, org.springframework.security.web.authentication.logout.LogoutFilter@156f6f4, org.springframework.security.oauth2.client.web.OAuth2AuthorizationRequestRedirectFilter@495329e2, org.springframework.security.oauth2.client.web.OAuth2LoginAuthenticationFilter@40e32d61, org.springframework.security.web.authentication.ui.DefaultLoginPageGeneratingFilter@1db08574, org.springframework.security.web.authentication.ui.DefaultLogoutPageGeneratingFilter@7128490b, org.springframework.security.web.savedrequest.RequestCacheAwareFilter@281c109e, org.springframework.security.web.servletapi.SecurityContextHolderAwareRequestFilter@7382fc30, org.springframework.security.web.authentication.AnonymousAuthenticationFilter@4839bfaf, org.springframework.security.web.session.SessionManagementFilter@6c40539f, org.springframework.security.web.access.ExceptionTranslationFilter@3dced6c9, org.springframework.security.web.access.intercept.FilterSecurityInterceptor@418de177]
2020-05-04 17:59:52.501  INFO 2406 --- [    Test worker] o.s.s.concurrent.ThreadPoolTaskExecutor  : Initializing ExecutorService 'applicationTaskExecutor'
2020-05-04 17:59:52.527  WARN 2406 --- [    Test worker] aWebConfiguration$JpaWebMvcConfiguration : spring.jpa.open-in-view is enabled by default. Therefore, database queries may be performed during view rendering. Explicitly configure spring.jpa.open-in-view to disable this warning
2020-05-04 17:59:52.577  INFO 2406 --- [    Test worker] o.s.b.a.w.s.WelcomePageHandlerMapping    : Adding welcome page template: index
2020-05-04 17:59:53.021  INFO 2406 --- [    Test worker] s.a.ScheduledAnnotationBeanPostProcessor : No TaskScheduler/ScheduledExecutorService bean found for scheduled processing
2020-05-04 17:59:53.056  INFO 2406 --- [    Test worker] o.s.b.w.embedded.tomcat.TomcatWebServer  : Tomcat started on port(s): 54833 (http) with context path ''
2020-05-04 17:59:53.057  INFO 2406 --- [    Test worker] c.o.t.s.web.IndexControllerTest          : Started IndexControllerTest in 6.707 seconds (JVM running for 13.041)
2020-05-04 17:59:53.205  INFO 2406 --- [o-auto-1-exec-1] o.a.c.c.C.[Tomcat].[localhost].[/]       : Initializing Spring DispatcherServlet 'dispatcherServlet'
2020-05-04 17:59:53.206  INFO 2406 --- [o-auto-1-exec-1] o.s.web.servlet.DispatcherServlet        : Initializing Servlet 'dispatcherServlet'
2020-05-04 17:59:53.236  INFO 2406 --- [o-auto-1-exec-1] o.s.web.servlet.DispatcherServlet        : Completed initialization in 30 ms
Hibernate: select posts0_.id as id1_0_, posts0_.created_date as created_2_0_, posts0_.modified_date as modified3_0_, posts0_.author as author4_0_, posts0_.content as content5_0_, posts0_.title as title6_0_ from posts posts0_ order by posts0_.id DESC
]]></system-out>
  <system-err><![CDATA[]]></system-err>
</testsuite>
