<?xml version="1.0" encoding="UTF-8"?>
<testsuite name="com.ohsangmin.test.springboot.web.dto.HelloResponseDtoTest" tests="1" skipped="0" failures="0" errors="0" timestamp="2020-05-04T08:59:46" hostname="APPLEui-MacBookPro.local" time="0.091">
  <properties/>
  <testcase name="롬북_기능_테스트" classname="com.ohsangmin.test.springboot.web.dto.HelloResponseDtoTest" time="0.091"/>
  <system-out><![CDATA[]]></system-out>
  <system-err><![CDATA[]]></system-err>
</testsuite>
