<?xml version="1.0" encoding="UTF-8"?>
<testsuite name="com.ohsangmin.test.springboot.web.PostsApiControllerTest" tests="2" skipped="0" failures="0" errors="0" timestamp="2020-05-04T08:59:53" hostname="APPLEui-MacBookPro.local" time="0.382">
  <properties/>
  <testcase name="Posts_등록된다" classname="com.ohsangmin.test.springboot.web.PostsApiControllerTest" time="0.305"/>
  <testcase name="Posts_수정된다" classname="com.ohsangmin.test.springboot.web.PostsApiControllerTest" time="0.076"/>
  <system-out><![CDATA[2020-05-04 17:59:53.398  INFO 2406 --- [    Test worker] .b.t.c.SpringBootTestContextBootstrapper : Neither @ContextConfiguration nor @ContextHierarchy found for test class [com.ohsangmin.test.springboot.web.PostsApiControllerTest], using SpringBootContextLoader
2020-05-04 17:59:53.400  INFO 2406 --- [    Test worker] o.s.t.c.support.AbstractContextLoader    : Could not detect default resource locations for test class [com.ohsangmin.test.springboot.web.PostsApiControllerTest]: no resource found for suffixes {-context.xml, Context.groovy}.
2020-05-04 17:59:53.400  INFO 2406 --- [    Test worker] t.c.s.AnnotationConfigContextLoaderUtils : Could not detect default configuration classes for test class [com.ohsangmin.test.springboot.web.PostsApiControllerTest]: PostsApiControllerTest does not declare any static, non-private, non-final, nested classes annotated with @Configuration.
2020-05-04 17:59:53.403  INFO 2406 --- [    Test worker] .b.t.c.SpringBootTestContextBootstrapper : Found @SpringBootConfiguration com.ohsangmin.test.springboot.Application for test class com.ohsangmin.test.springboot.web.PostsApiControllerTest
2020-05-04 17:59:53.404  INFO 2406 --- [    Test worker] .b.t.c.SpringBootTestContextBootstrapper : Loaded default TestExecutionListener class names from location [META-INF/spring.factories]: [org.springframework.security.test.context.support.WithSecurityContextTestExecutionListener, org.springframework.security.test.context.support.ReactorContextTestExecutionListener, org.springframework.boot.test.autoconfigure.restdocs.RestDocsTestExecutionListener, org.springframework.boot.test.autoconfigure.web.client.MockRestServiceServerResetTestExecutionListener, org.springframework.boot.test.autoconfigure.web.servlet.MockMvcPrintOnlyOnFailureTestExecutionListener, org.springframework.boot.test.autoconfigure.web.servlet.WebDriverTestExecutionListener, org.springframework.boot.test.mock.mockito.MockitoTestExecutionListener, org.springframework.boot.test.mock.mockito.ResetMocksTestExecutionListener, org.springframework.test.context.web.ServletTestExecutionListener, org.springframework.test.context.support.DirtiesContextBeforeModesTestExecutionListener, org.springframework.test.context.support.DependencyInjectionTestExecutionListener, org.springframework.test.context.support.DirtiesContextTestExecutionListener, org.springframework.test.context.transaction.TransactionalTestExecutionListener, org.springframework.test.context.jdbc.SqlScriptsTestExecutionListener]
2020-05-04 17:59:53.406  INFO 2406 --- [    Test worker] .b.t.c.SpringBootTestContextBootstrapper : Using TestExecutionListeners: [org.springframework.test.context.web.ServletTestExecutionListener@3fa52bef, org.springframework.test.context.support.DirtiesContextBeforeModesTestExecutionListener@6db9c5, org.springframework.boot.test.mock.mockito.MockitoTestExecutionListener@45feaacf, org.springframework.boot.test.autoconfigure.SpringBootDependencyInjectionTestExecutionListener@4edb32a7, org.springframework.test.context.support.DirtiesContextTestExecutionListener@583792c0, org.springframework.test.context.transaction.TransactionalTestExecutionListener@3579ab92, org.springframework.test.context.jdbc.SqlScriptsTestExecutionListener@5e1c720, org.springframework.security.test.context.support.WithSecurityContextTestExecutionListener@12389331, org.springframework.security.test.context.support.ReactorContextTestExecutionListener@767da224, org.springframework.boot.test.autoconfigure.restdocs.RestDocsTestExecutionListener@e20a242, org.springframework.boot.test.autoconfigure.web.client.MockRestServiceServerResetTestExecutionListener@573ac61, org.springframework.boot.test.autoconfigure.web.servlet.MockMvcPrintOnlyOnFailureTestExecutionListener@530416e5, org.springframework.boot.test.autoconfigure.web.servlet.WebDriverTestExecutionListener@4873e223, org.springframework.boot.test.mock.mockito.ResetMocksTestExecutionListener@43ca7bdd]
2020-05-04 17:59:53.416  INFO 2406 --- [    Test worker] o.a.c.c.C.[Tomcat].[localhost].[/]       : Initializing Spring TestDispatcherServlet ''
2020-05-04 17:59:53.417  INFO 2406 --- [    Test worker] o.s.t.web.servlet.TestDispatcherServlet  : Initializing Servlet ''
2020-05-04 17:59:53.422  INFO 2406 --- [    Test worker] o.s.t.web.servlet.TestDispatcherServlet  : Completed initialization in 5 ms
Hibernate: insert into posts (created_date, modified_date, author, content, title) values (?, ?, ?, ?, ?)
Hibernate: select posts0_.id as id1_0_, posts0_.created_date as created_2_0_, posts0_.modified_date as modified3_0_, posts0_.author as author4_0_, posts0_.content as content5_0_, posts0_.title as title6_0_ from posts posts0_
Hibernate: select posts0_.id as id1_0_, posts0_.created_date as created_2_0_, posts0_.modified_date as modified3_0_, posts0_.author as author4_0_, posts0_.content as content5_0_, posts0_.title as title6_0_ from posts posts0_
Hibernate: delete from posts where id=?
2020-05-04 17:59:53.720  INFO 2406 --- [    Test worker] o.a.c.c.C.[Tomcat].[localhost].[/]       : Initializing Spring TestDispatcherServlet ''
2020-05-04 17:59:53.720  INFO 2406 --- [    Test worker] o.s.t.web.servlet.TestDispatcherServlet  : Initializing Servlet ''
2020-05-04 17:59:53.725  INFO 2406 --- [    Test worker] o.s.t.web.servlet.TestDispatcherServlet  : Completed initialization in 5 ms
Hibernate: insert into posts (created_date, modified_date, author, content, title) values (?, ?, ?, ?, ?)
Hibernate: select posts0_.id as id1_0_0_, posts0_.created_date as created_2_0_0_, posts0_.modified_date as modified3_0_0_, posts0_.author as author4_0_0_, posts0_.content as content5_0_0_, posts0_.title as title6_0_0_ from posts posts0_ where posts0_.id=?
Hibernate: update posts set created_date=?, modified_date=?, author=?, content=?, title=? where id=?
Hibernate: select posts0_.id as id1_0_, posts0_.created_date as created_2_0_, posts0_.modified_date as modified3_0_, posts0_.author as author4_0_, posts0_.content as content5_0_, posts0_.title as title6_0_ from posts posts0_
Hibernate: select posts0_.id as id1_0_, posts0_.created_date as created_2_0_, posts0_.modified_date as modified3_0_, posts0_.author as author4_0_, posts0_.content as content5_0_, posts0_.title as title6_0_ from posts posts0_
Hibernate: delete from posts where id=?
]]></system-out>
  <system-err><![CDATA[]]></system-err>
</testsuite>
